{"__type":"$$EventMessageAudit","id":"bd033183-0321-4c27-82ea-b47f4410af22","ts":"2026-04-15T12:50:33.414+00:00","eventName":"n8n.audit.workflow.created","message":"n8n.audit.workflow.created","payload":{"userId":"f7092eee-89c0-414d-8233-888ccd08e26c","_email":"kocherlasravan@gmail.com","_firstName":"Kocherla Koteswara Suhith","_lastName":"Sravan Babu","globalRole":"global:owner","workflowId":"JH7CF7JAVHWn2LqL","workflowName":"My workflow"}}
{"__type":"$$EventMessageConfirm","confirm":"bd033183-0321-4c27-82ea-b47f4410af22","ts":"2026-04-15T12:50:33.415+00:00","source":{"id":"0","name":"eventBus"}}
{"__type":"$$EventMessageAudit","id":"5c5ea610-5a7b-4048-a11a-f58697cd887f","ts":"2026-04-15T12:51:18.928+00:00","eventName":"n8n.audit.workflow.updated","message":"n8n.audit.workflow.updated","payload":{"userId":"f7092eee-89c0-414d-8233-888ccd08e26c","_email":"kocherlasravan@gmail.com","_firstName":"Kocherla Koteswara Suhith","_lastName":"Sravan Babu","globalRole":"global:owner","workflowId":"JH7CF7JAVHWn2LqL","workflowName":"My workflow"}}
{"__type":"$$EventMessageConfirm","confirm":"5c5ea610-5a7b-4048-a11a-f58697cd887f","ts":"2026-04-15T12:51:18.928+00:00","source":{"id":"0","name":"eventBus"}}
{"__type":"$$EventMessageAudit","id":"4d72d03a-c88a-4104-b531-1324edc9248e","ts":"2026-04-15T08:52:36.201-04:00","eventName":"n8n.audit.workflow.executed","message":"n8n.audit.workflow.executed","payload":{"workflowId":"JH7CF7JAVHWn2LqL","workflowName":"My workflow","executionId":"1","source":"webhook"}}
{"__type":"$$EventMessageConfirm","confirm":"4d72d03a-c88a-4104-b531-1324edc9248e","ts":"2026-04-15T08:52:36.202-04:00","source":{"id":"0","name":"eventBus"}}
{"__type":"$$EventMessageWorkflow","id":"6771cc2c-26d0-46df-bcab-4df7d989b365","ts":"2026-04-15T08:52:36.206-04:00","eventName":"n8n.workflow.started","message":"n8n.workflow.started","payload":{"executionId":"1","workflowId":"JH7CF7JAVHWn2LqL","isManual":false,"mode":"manual","workflowName":"My workflow"}}
{"__type":"$$EventMessageConfirm","confirm":"6771cc2c-26d0-46df-bcab-4df7d989b365","ts":"2026-04-15T08:52:36.207-04:00","source":{"id":"0","name":"eventBus"}}
{"__type":"$$EventMessageNode","id":"cdf24494-379a-4fc0-a622-73692baf4f26","ts":"2026-04-15T08:52:36.251-04:00","eventName":"n8n.node.started","message":"n8n.node.started","payload":{"workflowId":"JH7CF7JAVHWn2LqL","workflowName":"My workflow","executionId":"1","nodeType":"n8n-nodes-base.webhook","nodeName":"Webhook","nodeId":"c7ee7d17-fad6-4898-956c-3122b10a205d"}}
{"__type":"$$EventMessageConfirm","confirm":"cdf24494-379a-4fc0-a622-73692baf4f26","ts":"2026-04-15T08:52:36.251-04:00","source":{"id":"0","name":"eventBus"}}
{"__type":"$$EventMessageNode","id":"832ff90b-a2ff-4332-b6f6-ff607b79ad3c","ts":"2026-04-15T08:52:36.256-04:00","eventName":"n8n.node.finished","message":"n8n.node.finished","payload":{"workflowId":"JH7CF7JAVHWn2LqL","workflowName":"My workflow","executionId":"1","nodeType":"n8n-nodes-base.webhook","nodeName":"Webhook","nodeId":"c7ee7d17-fad6-4898-956c-3122b10a205d"}}
{"__type":"$$EventMessageConfirm","confirm":"832ff90b-a2ff-4332-b6f6-ff607b79ad3c","ts":"2026-04-15T08:52:36.257-04:00","source":{"id":"0","name":"eventBus"}}
{"__type":"$$EventMessageWorkflow","id":"b7981608-624a-4d6e-874b-cef4ee9f3afa","ts":"2026-04-15T08:52:36.478-04:00","eventName":"n8n.workflow.success","message":"n8n.workflow.success","payload":{"executionId":"1","success":true,"isManual":true,"mode":"manual","workflowId":"JH7CF7JAVHWn2LqL","workflowName":"My workflow"}}
{"__type":"$$EventMessageConfirm","confirm":"b7981608-624a-4d6e-874b-cef4ee9f3afa","ts":"2026-04-15T08:52:36.478-04:00","source":{"id":"0","name":"eventBus"}}
{"__type":"$$EventMessageAudit","id":"0a20753b-9d92-4a46-869b-116f2d89450f","ts":"2026-04-15T08:56:11.636-04:00","eventName":"n8n.audit.workflow.updated","message":"n8n.audit.workflow.updated","payload":{"userId":"f7092eee-89c0-414d-8233-888ccd08e26c","_email":"kocherlasravan@gmail.com","_firstName":"Kocherla Koteswara Suhith","_lastName":"Sravan Babu","globalRole":"global:owner","workflowId":"JH7CF7JAVHWn2LqL","workflowName":"My workflow"}}
{"__type":"$$EventMessageConfirm","confirm":"0a20753b-9d92-4a46-869b-116f2d89450f","ts":"2026-04-15T08:56:11.637-04:00","source":{"id":"0","name":"eventBus"}}
{"__type":"$$EventMessageAudit","id":"2db78d06-6c25-41f3-9803-48cc4df8fc3f","ts":"2026-04-15T08:56:27.472-04:00","eventName":"n8n.audit.workflow.updated","message":"n8n.audit.workflow.updated","payload":{"userId":"f7092eee-89c0-414d-8233-888ccd08e26c","_email":"kocherlasravan@gmail.com","_firstName":"Kocherla Koteswara Suhith","_lastName":"Sravan Babu","globalRole":"global:owner","workflowId":"JH7CF7JAVHWn2LqL","workflowName":"My workflow"}}
{"__type":"$$EventMessageConfirm","confirm":"2db78d06-6c25-41f3-9803-48cc4df8fc3f","ts":"2026-04-15T08:56:27.483-04:00","source":{"id":"0","name":"eventBus"}}
{"__type":"$$EventMessageAudit","id":"c6caf0ed-c370-4324-8099-21a78d161abd","ts":"2026-04-15T08:56:44.054-04:00","eventName":"n8n.audit.workflow.updated","message":"n8n.audit.workflow.updated","payload":{"userId":"f7092eee-89c0-414d-8233-888ccd08e26c","_email":"kocherlasravan@gmail.com","_firstName":"Kocherla Koteswara Suhith","_lastName":"Sravan Babu","globalRole":"global:owner","workflowId":"JH7CF7JAVHWn2LqL","workflowName":"My workflow"}}
{"__type":"$$EventMessageConfirm","confirm":"c6caf0ed-c370-4324-8099-21a78d161abd","ts":"2026-04-15T08:56:44.055-04:00","source":{"id":"0","name":"eventBus"}}
{"__type":"$$EventMessageAudit","id":"65c00ba4-67b4-4d12-893d-fe8dda230263","ts":"2026-04-15T08:56:48.258-04:00","eventName":"n8n.audit.workflow.updated","message":"n8n.audit.workflow.updated","payload":{"userId":"f7092eee-89c0-414d-8233-888ccd08e26c","_email":"kocherlasravan@gmail.com","_firstName":"Kocherla Koteswara Suhith","_lastName":"Sravan Babu","globalRole":"global:owner","workflowId":"JH7CF7JAVHWn2LqL","workflowName":"My workflow"}}
{"__type":"$$EventMessageConfirm","confirm":"65c00ba4-67b4-4d12-893d-fe8dda230263","ts":"2026-04-15T08:56:48.259-04:00","source":{"id":"0","name":"eventBus"}}
{"__type":"$$EventMessageAudit","id":"4c4a61a3-5f93-47be-b109-75d73ce10260","ts":"2026-04-15T08:57:06.719-04:00","eventName":"n8n.audit.workflow.updated","message":"n8n.audit.workflow.updated","payload":{"userId":"f7092eee-89c0-414d-8233-888ccd08e26c","_email":"kocherlasravan@gmail.com","_firstName":"Kocherla Koteswara Suhith","_lastName":"Sravan Babu","globalRole":"global:owner","workflowId":"JH7CF7JAVHWn2LqL","workflowName":"My workflow"}}
{"__type":"$$EventMessageConfirm","confirm":"4c4a61a3-5f93-47be-b109-75d73ce10260","ts":"2026-04-15T08:57:06.719-04:00","source":{"id":"0","name":"eventBus"}}
{"__type":"$$EventMessageAudit","id":"7483f19a-42fc-411d-83d0-06e9786cabd1","ts":"2026-04-15T08:58:02.415-04:00","eventName":"n8n.audit.workflow.updated","message":"n8n.audit.workflow.updated","payload":{"userId":"f7092eee-89c0-414d-8233-888ccd08e26c","_email":"kocherlasravan@gmail.com","_firstName":"Kocherla Koteswara Suhith","_lastName":"Sravan Babu","globalRole":"global:owner","workflowId":"JH7CF7JAVHWn2LqL","workflowName":"My workflow"}}
{"__type":"$$EventMessageConfirm","confirm":"7483f19a-42fc-411d-83d0-06e9786cabd1","ts":"2026-04-15T08:58:02.415-04:00","source":{"id":"0","name":"eventBus"}}
{"__type":"$$EventMessageAudit","id":"ae3057be-bf9f-4727-86c5-6c4477f1c18f","ts":"2026-04-15T08:58:10.193-04:00","eventName":"n8n.audit.workflow.updated","message":"n8n.audit.workflow.updated","payload":{"userId":"f7092eee-89c0-414d-8233-888ccd08e26c","_email":"kocherlasravan@gmail.com","_firstName":"Kocherla Koteswara Suhith","_lastName":"Sravan Babu","globalRole":"global:owner","workflowId":"JH7CF7JAVHWn2LqL","workflowName":"My workflow"}}
{"__type":"$$EventMessageConfirm","confirm":"ae3057be-bf9f-4727-86c5-6c4477f1c18f","ts":"2026-04-15T08:58:10.194-04:00","source":{"id":"0","name":"eventBus"}}
{"__type":"$$EventMessageAudit","id":"6d13148e-bfdd-4712-9307-651e23fd3184","ts":"2026-04-15T08:58:21.585-04:00","eventName":"n8n.audit.workflow.updated","message":"n8n.audit.workflow.updated","payload":{"userId":"f7092eee-89c0-414d-8233-888ccd08e26c","_email":"kocherlasravan@gmail.com","_firstName":"Kocherla Koteswara Suhith","_lastName":"Sravan Babu","globalRole":"global:owner","workflowId":"JH7CF7JAVHWn2LqL","workflowName":"My workflow"}}
{"__type":"$$EventMessageConfirm","confirm":"6d13148e-bfdd-4712-9307-651e23fd3184","ts":"2026-04-15T08:58:21.585-04:00","source":{"id":"0","name":"eventBus"}}
{"__type":"$$EventMessageAudit","id":"2a92ed17-0f5e-4e33-afc8-e4a14b663440","ts":"2026-04-15T08:58:41.848-04:00","eventName":"n8n.audit.workflow.updated","message":"n8n.audit.workflow.updated","payload":{"userId":"f7092eee-89c0-414d-8233-888ccd08e26c","_email":"kocherlasravan@gmail.com","_firstName":"Kocherla Koteswara Suhith","_lastName":"Sravan Babu","globalRole":"global:owner","workflowId":"JH7CF7JAVHWn2LqL","workflowName":"My workflow"}}
{"__type":"$$EventMessageConfirm","confirm":"2a92ed17-0f5e-4e33-afc8-e4a14b663440","ts":"2026-04-15T08:58:41.848-04:00","source":{"id":"0","name":"eventBus"}}
{"__type":"$$EventMessageAudit","id":"4111766c-8eb8-4a63-ba5a-8fdbedcf106e","ts":"2026-04-15T08:59:14.348-04:00","eventName":"n8n.audit.workflow.updated","message":"n8n.audit.workflow.updated","payload":{"userId":"f7092eee-89c0-414d-8233-888ccd08e26c","_email":"kocherlasravan@gmail.com","_firstName":"Kocherla Koteswara Suhith","_lastName":"Sravan Babu","globalRole":"global:owner","workflowId":"JH7CF7JAVHWn2LqL","workflowName":"My workflow"}}
{"__type":"$$EventMessageConfirm","confirm":"4111766c-8eb8-4a63-ba5a-8fdbedcf106e","ts":"2026-04-15T08:59:14.348-04:00","source":{"id":"0","name":"eventBus"}}
{"__type":"$$EventMessageAudit","id":"28e10ffa-3614-446f-874c-b54b2d1dc257","ts":"2026-04-15T08:59:16.086-04:00","eventName":"n8n.audit.workflow.updated","message":"n8n.audit.workflow.updated","payload":{"userId":"f7092eee-89c0-414d-8233-888ccd08e26c","_email":"kocherlasravan@gmail.com","_firstName":"Kocherla Koteswara Suhith","_lastName":"Sravan Babu","globalRole":"global:owner","workflowId":"JH7CF7JAVHWn2LqL","workflowName":"My workflow"}}
{"__type":"$$EventMessageConfirm","confirm":"28e10ffa-3614-446f-874c-b54b2d1dc257","ts":"2026-04-15T08:59:16.087-04:00","source":{"id":"0","name":"eventBus"}}
{"__type":"$$EventMessageAudit","id":"5bdbafb1-a992-4304-a3ae-ba2b736bf25e","ts":"2026-04-15T09:03:00.227-04:00","eventName":"n8n.audit.user.login.success","message":"n8n.audit.user.login.success","payload":{"userId":"f7092eee-89c0-414d-8233-888ccd08e26c","_email":"kocherlasravan@gmail.com","_firstName":"Kocherla Koteswara Suhith","_lastName":"Sravan Babu","globalRole":"global:owner","authenticationMethod":"email"}}
{"__type":"$$EventMessageConfirm","confirm":"5bdbafb1-a992-4304-a3ae-ba2b736bf25e","ts":"2026-04-15T09:03:00.228-04:00","source":{"id":"0","name":"eventBus"}}
{"__type":"$$EventMessageAudit","id":"f36ab498-b8dd-46c8-bcc3-2a0b0da99239","ts":"2026-04-15T09:04:09.007-04:00","eventName":"n8n.audit.workflow.updated","message":"n8n.audit.workflow.updated","payload":{"userId":"f7092eee-89c0-414d-8233-888ccd08e26c","_email":"kocherlasravan@gmail.com","_firstName":"Kocherla Koteswara Suhith","_lastName":"Sravan Babu","globalRole":"global:owner","workflowId":"JH7CF7JAVHWn2LqL","workflowName":"My workflow"}}
{"__type":"$$EventMessageConfirm","confirm":"f36ab498-b8dd-46c8-bcc3-2a0b0da99239","ts":"2026-04-15T09:04:09.007-04:00","source":{"id":"0","name":"eventBus"}}
{"__type":"$$EventMessageAudit","id":"f9b15c32-a702-4353-b9a3-871bec07a48c","ts":"2026-04-15T09:04:15.927-04:00","eventName":"n8n.audit.workflow.updated","message":"n8n.audit.workflow.updated","payload":{"userId":"f7092eee-89c0-414d-8233-888ccd08e26c","_email":"kocherlasravan@gmail.com","_firstName":"Kocherla Koteswara Suhith","_lastName":"Sravan Babu","globalRole":"global:owner","workflowId":"JH7CF7JAVHWn2LqL","workflowName":"My workflow"}}
{"__type":"$$EventMessageConfirm","confirm":"f9b15c32-a702-4353-b9a3-871bec07a48c","ts":"2026-04-15T09:04:15.927-04:00","source":{"id":"0","name":"eventBus"}}
{"__type":"$$EventMessageAudit","id":"e05ebd97-d1cb-41a1-b612-2777fc8b2b1b","ts":"2026-04-15T09:04:44.789-04:00","eventName":"n8n.audit.workflow.updated","message":"n8n.audit.workflow.updated","payload":{"userId":"f7092eee-89c0-414d-8233-888ccd08e26c","_email":"kocherlasravan@gmail.com","_firstName":"Kocherla Koteswara Suhith","_lastName":"Sravan Babu","globalRole":"global:owner","workflowId":"JH7CF7JAVHWn2LqL","workflowName":"My workflow"}}
{"__type":"$$EventMessageConfirm","confirm":"e05ebd97-d1cb-41a1-b612-2777fc8b2b1b","ts":"2026-04-15T09:04:44.789-04:00","source":{"id":"0","name":"eventBus"}}
{"__type":"$$EventMessageAudit","id":"3c19923d-699e-41de-b62a-ff7c012efb14","ts":"2026-04-15T09:06:20.775-04:00","eventName":"n8n.audit.workflow.updated","message":"n8n.audit.workflow.updated","payload":{"userId":"f7092eee-89c0-414d-8233-888ccd08e26c","_email":"kocherlasravan@gmail.com","_firstName":"Kocherla Koteswara Suhith","_lastName":"Sravan Babu","globalRole":"global:owner","workflowId":"JH7CF7JAVHWn2LqL","workflowName":"My workflow"}}
{"__type":"$$EventMessageConfirm","confirm":"3c19923d-699e-41de-b62a-ff7c012efb14","ts":"2026-04-15T09:06:20.776-04:00","source":{"id":"0","name":"eventBus"}}
{"__type":"$$EventMessageAudit","id":"849db8da-eee0-452c-b466-3a95e2210fb4","ts":"2026-04-15T09:06:25.752-04:00","eventName":"n8n.audit.workflow.updated","message":"n8n.audit.workflow.updated","payload":{"userId":"f7092eee-89c0-414d-8233-888ccd08e26c","_email":"kocherlasravan@gmail.com","_firstName":"Kocherla Koteswara Suhith","_lastName":"Sravan Babu","globalRole":"global:owner","workflowId":"JH7CF7JAVHWn2LqL","workflowName":"My workflow"}}
{"__type":"$$EventMessageConfirm","confirm":"849db8da-eee0-452c-b466-3a95e2210fb4","ts":"2026-04-15T09:06:25.752-04:00","source":{"id":"0","name":"eventBus"}}
{"__type":"$$EventMessageAudit","id":"bf4e4e46-3678-4445-bb5f-ba52df2d8a2d","ts":"2026-04-15T09:10:40.858-04:00","eventName":"n8n.audit.workflow.executed","message":"n8n.audit.workflow.executed","payload":{"workflowId":"JH7CF7JAVHWn2LqL","workflowName":"My workflow","executionId":"2","source":"webhook"}}
{"__type":"$$EventMessageConfirm","confirm":"bf4e4e46-3678-4445-bb5f-ba52df2d8a2d","ts":"2026-04-15T09:10:40.859-04:00","source":{"id":"0","name":"eventBus"}}
{"__type":"$$EventMessageWorkflow","id":"8c7a4479-4cfc-4aa9-bf71-46c53a8e5230","ts":"2026-04-15T09:10:40.861-04:00","eventName":"n8n.workflow.started","message":"n8n.workflow.started","payload":{"executionId":"2","workflowId":"JH7CF7JAVHWn2LqL","isManual":false,"mode":"manual","workflowName":"My workflow"}}
{"__type":"$$EventMessageConfirm","confirm":"8c7a4479-4cfc-4aa9-bf71-46c53a8e5230","ts":"2026-04-15T09:10:40.861-04:00","source":{"id":"0","name":"eventBus"}}
{"__type":"$$EventMessageNode","id":"51ccddbb-8d4b-4a9f-a4e7-3e9ba62582eb","ts":"2026-04-15T09:10:40.871-04:00","eventName":"n8n.node.started","message":"n8n.node.started","payload":{"workflowId":"JH7CF7JAVHWn2LqL","workflowName":"My workflow","executionId":"2","nodeType":"n8n-nodes-base.webhook","nodeName":"Webhook","nodeId":"9ce2b25f-e9e6-4e54-bf0a-411012513446"}}
{"__type":"$$EventMessageConfirm","confirm":"51ccddbb-8d4b-4a9f-a4e7-3e9ba62582eb","ts":"2026-04-15T09:10:40.871-04:00","source":{"id":"0","name":"eventBus"}}
{"__type":"$$EventMessageNode","id":"a1527f45-ed22-42ff-a0b3-2a2d07e2f0e9","ts":"2026-04-15T09:10:40.873-04:00","eventName":"n8n.node.finished","message":"n8n.node.finished","payload":{"workflowId":"JH7CF7JAVHWn2LqL","workflowName":"My workflow","executionId":"2","nodeType":"n8n-nodes-base.webhook","nodeName":"Webhook","nodeId":"9ce2b25f-e9e6-4e54-bf0a-411012513446"}}
{"__type":"$$EventMessageConfirm","confirm":"a1527f45-ed22-42ff-a0b3-2a2d07e2f0e9","ts":"2026-04-15T09:10:40.873-04:00","source":{"id":"0","name":"eventBus"}}
{"__type":"$$EventMessageWorkflow","id":"fcb06c65-a9e8-4980-b4a9-d3752f45f472","ts":"2026-04-15T09:10:40.932-04:00","eventName":"n8n.workflow.success","message":"n8n.workflow.success","payload":{"executionId":"2","success":true,"isManual":true,"mode":"manual","workflowId":"JH7CF7JAVHWn2LqL","workflowName":"My workflow"}}
{"__type":"$$EventMessageConfirm","confirm":"fcb06c65-a9e8-4980-b4a9-d3752f45f472","ts":"2026-04-15T09:10:40.933-04:00","source":{"id":"0","name":"eventBus"}}
{"__type":"$$EventMessageAudit","id":"7290247d-1b84-44e5-9218-809a037921c5","ts":"2026-04-15T09:11:33.050-04:00","eventName":"n8n.audit.workflow.updated","message":"n8n.audit.workflow.updated","payload":{"userId":"f7092eee-89c0-414d-8233-888ccd08e26c","_email":"kocherlasravan@gmail.com","_firstName":"Kocherla Koteswara Suhith","_lastName":"Sravan Babu","globalRole":"global:owner","workflowId":"JH7CF7JAVHWn2LqL","workflowName":"My workflow"}}
{"__type":"$$EventMessageConfirm","confirm":"7290247d-1b84-44e5-9218-809a037921c5","ts":"2026-04-15T09:11:33.051-04:00","source":{"id":"0","name":"eventBus"}}
{"__type":"$$EventMessageAudit","id":"e6f0a4b5-b941-4d8d-b6c6-eceff3db788d","ts":"2026-04-15T09:11:40.867-04:00","eventName":"n8n.audit.workflow.updated","message":"n8n.audit.workflow.updated","payload":{"userId":"f7092eee-89c0-414d-8233-888ccd08e26c","_email":"kocherlasravan@gmail.com","_firstName":"Kocherla Koteswara Suhith","_lastName":"Sravan Babu","globalRole":"global:owner","workflowId":"JH7CF7JAVHWn2LqL","workflowName":"My workflow"}}
{"__type":"$$EventMessageConfirm","confirm":"e6f0a4b5-b941-4d8d-b6c6-eceff3db788d","ts":"2026-04-15T09:11:40.867-04:00","source":{"id":"0","name":"eventBus"}}
{"__type":"$$EventMessageAudit","id":"2c8c2dbf-51fc-4f47-876e-19b4f266cb31","ts":"2026-04-15T09:11:46.360-04:00","eventName":"n8n.audit.workflow.updated","message":"n8n.audit.workflow.updated","payload":{"userId":"f7092eee-89c0-414d-8233-888ccd08e26c","_email":"kocherlasravan@gmail.com","_firstName":"Kocherla Koteswara Suhith","_lastName":"Sravan Babu","globalRole":"global:owner","workflowId":"JH7CF7JAVHWn2LqL","workflowName":"My workflow"}}
{"__type":"$$EventMessageConfirm","confirm":"2c8c2dbf-51fc-4f47-876e-19b4f266cb31","ts":"2026-04-15T09:11:46.361-04:00","source":{"id":"0","name":"eventBus"}}
{"__type":"$$EventMessageAudit","id":"abdf0e4d-2aca-4909-944a-c3a97401428c","ts":"2026-04-15T09:11:48.762-04:00","eventName":"n8n.audit.workflow.updated","message":"n8n.audit.workflow.updated","payload":{"userId":"f7092eee-89c0-414d-8233-888ccd08e26c","_email":"kocherlasravan@gmail.com","_firstName":"Kocherla Koteswara Suhith","_lastName":"Sravan Babu","globalRole":"global:owner","workflowId":"JH7CF7JAVHWn2LqL","workflowName":"My workflow"}}
{"__type":"$$EventMessageConfirm","confirm":"abdf0e4d-2aca-4909-944a-c3a97401428c","ts":"2026-04-15T09:11:48.762-04:00","source":{"id":"0","name":"eventBus"}}
{"__type":"$$EventMessageAudit","id":"020ba186-30f8-4114-8b61-bed1016c0da9","ts":"2026-04-15T09:11:50.391-04:00","eventName":"n8n.audit.workflow.updated","message":"n8n.audit.workflow.updated","payload":{"userId":"f7092eee-89c0-414d-8233-888ccd08e26c","_email":"kocherlasravan@gmail.com","_firstName":"Kocherla Koteswara Suhith","_lastName":"Sravan Babu","globalRole":"global:owner","workflowId":"JH7CF7JAVHWn2LqL","workflowName":"My workflow"}}
{"__type":"$$EventMessageConfirm","confirm":"020ba186-30f8-4114-8b61-bed1016c0da9","ts":"2026-04-15T09:11:50.391-04:00","source":{"id":"0","name":"eventBus"}}
{"__type":"$$EventMessageAudit","id":"81b79a61-f4c7-4d9b-ab49-cd73c3393ecc","ts":"2026-04-15T09:12:01.521-04:00","eventName":"n8n.audit.workflow.updated","message":"n8n.audit.workflow.updated","payload":{"userId":"f7092eee-89c0-414d-8233-888ccd08e26c","_email":"kocherlasravan@gmail.com","_firstName":"Kocherla Koteswara Suhith","_lastName":"Sravan Babu","globalRole":"global:owner","workflowId":"JH7CF7JAVHWn2LqL","workflowName":"My workflow"}}
{"__type":"$$EventMessageConfirm","confirm":"81b79a61-f4c7-4d9b-ab49-cd73c3393ecc","ts":"2026-04-15T09:12:01.521-04:00","source":{"id":"0","name":"eventBus"}}
{"__type":"$$EventMessageAudit","id":"50cafcf8-74a3-4769-aaeb-2bae3c461f6e","ts":"2026-04-15T09:12:04.436-04:00","eventName":"n8n.audit.workflow.updated","message":"n8n.audit.workflow.updated","payload":{"userId":"f7092eee-89c0-414d-8233-888ccd08e26c","_email":"kocherlasravan@gmail.com","_firstName":"Kocherla Koteswara Suhith","_lastName":"Sravan Babu","globalRole":"global:owner","workflowId":"JH7CF7JAVHWn2LqL","workflowName":"My workflow"}}
{"__type":"$$EventMessageConfirm","confirm":"50cafcf8-74a3-4769-aaeb-2bae3c461f6e","ts":"2026-04-15T09:12:04.436-04:00","source":{"id":"0","name":"eventBus"}}
{"__type":"$$EventMessageAudit","id":"5ddbf245-0e97-40a1-82f9-8e3bc559a590","ts":"2026-04-15T09:12:06.983-04:00","eventName":"n8n.audit.workflow.updated","message":"n8n.audit.workflow.updated","payload":{"userId":"f7092eee-89c0-414d-8233-888ccd08e26c","_email":"kocherlasravan@gmail.com","_firstName":"Kocherla Koteswara Suhith","_lastName":"Sravan Babu","globalRole":"global:owner","workflowId":"JH7CF7JAVHWn2LqL","workflowName":"My workflow"}}
{"__type":"$$EventMessageConfirm","confirm":"5ddbf245-0e97-40a1-82f9-8e3bc559a590","ts":"2026-04-15T09:12:06.983-04:00","source":{"id":"0","name":"eventBus"}}
{"__type":"$$EventMessageAudit","id":"d3dc0afb-9d8f-4041-9d6e-32f41c5ac1e1","ts":"2026-04-15T09:12:11.698-04:00","eventName":"n8n.audit.workflow.updated","message":"n8n.audit.workflow.updated","payload":{"userId":"f7092eee-89c0-414d-8233-888ccd08e26c","_email":"kocherlasravan@gmail.com","_firstName":"Kocherla Koteswara Suhith","_lastName":"Sravan Babu","globalRole":"global:owner","workflowId":"JH7CF7JAVHWn2LqL","workflowName":"My workflow"}}
{"__type":"$$EventMessageConfirm","confirm":"d3dc0afb-9d8f-4041-9d6e-32f41c5ac1e1","ts":"2026-04-15T09:12:11.699-04:00","source":{"id":"0","name":"eventBus"}}
{"__type":"$$EventMessageAudit","id":"0758896c-d2ab-401d-bf6d-7bcfc3aa5bc7","ts":"2026-04-15T09:13:05.059-04:00","eventName":"n8n.audit.workflow.updated","message":"n8n.audit.workflow.updated","payload":{"userId":"f7092eee-89c0-414d-8233-888ccd08e26c","_email":"kocherlasravan@gmail.com","_firstName":"Kocherla Koteswara Suhith","_lastName":"Sravan Babu","globalRole":"global:owner","workflowId":"JH7CF7JAVHWn2LqL","workflowName":"My workflow"}}
{"__type":"$$EventMessageConfirm","confirm":"0758896c-d2ab-401d-bf6d-7bcfc3aa5bc7","ts":"2026-04-15T09:13:05.059-04:00","source":{"id":"0","name":"eventBus"}}
{"__type":"$$EventMessageAudit","id":"62b4b943-ea9a-4094-8de6-9f09632983bd","ts":"2026-04-15T09:13:13.918-04:00","eventName":"n8n.audit.workflow.updated","message":"n8n.audit.workflow.updated","payload":{"userId":"f7092eee-89c0-414d-8233-888ccd08e26c","_email":"kocherlasravan@gmail.com","_firstName":"Kocherla Koteswara Suhith","_lastName":"Sravan Babu","globalRole":"global:owner","workflowId":"JH7CF7JAVHWn2LqL","workflowName":"My workflow"}}
{"__type":"$$EventMessageConfirm","confirm":"62b4b943-ea9a-4094-8de6-9f09632983bd","ts":"2026-04-15T09:13:13.919-04:00","source":{"id":"0","name":"eventBus"}}
{"__type":"$$EventMessageAudit","id":"be79f887-82b1-4456-8d74-f77b816f19bd","ts":"2026-04-15T09:13:21.976-04:00","eventName":"n8n.audit.workflow.executed","message":"n8n.audit.workflow.executed","payload":{"userId":"f7092eee-89c0-414d-8233-888ccd08e26c","_email":"kocherlasravan@gmail.com","_firstName":"Kocherla Koteswara Suhith","_lastName":"Sravan Babu","globalRole":"global:owner","workflowId":"JH7CF7JAVHWn2LqL","workflowName":"My workflow","executionId":"3","source":"user-manual"}}
{"__type":"$$EventMessageConfirm","confirm":"be79f887-82b1-4456-8d74-f77b816f19bd","ts":"2026-04-15T09:13:21.976-04:00","source":{"id":"0","name":"eventBus"}}
{"__type":"$$EventMessageWorkflow","id":"9046c7d1-1394-4264-b7a5-aeddc27edaa7","ts":"2026-04-15T09:13:21.977-04:00","eventName":"n8n.workflow.started","message":"n8n.workflow.started","payload":{"executionId":"3","workflowId":"JH7CF7JAVHWn2LqL","isManual":false,"mode":"manual","workflowName":"My workflow"}}
{"__type":"$$EventMessageConfirm","confirm":"9046c7d1-1394-4264-b7a5-aeddc27edaa7","ts":"2026-04-15T09:13:21.977-04:00","source":{"id":"0","name":"eventBus"}}
{"__type":"$$EventMessageNode","id":"290bdc9a-9cad-4d02-8085-d95637fbedf5","ts":"2026-04-15T09:13:22.053-04:00","eventName":"n8n.node.started","message":"n8n.node.started","payload":{"workflowId":"JH7CF7JAVHWn2LqL","workflowName":"My workflow","executionId":"3","nodeType":"n8n-nodes-base.httpRequest","nodeName":"HTTP Request","nodeId":"b56c4e41-48e9-4977-8eb9-634ef8c8264b"}}
{"__type":"$$EventMessageConfirm","confirm":"290bdc9a-9cad-4d02-8085-d95637fbedf5","ts":"2026-04-15T09:13:22.053-04:00","source":{"id":"0","name":"eventBus"}}
{"__type":"$$EventMessageNode","id":"f862721b-7939-4fc1-826b-9b28211ab175","ts":"2026-04-15T09:13:23.189-04:00","eventName":"n8n.node.finished","message":"n8n.node.finished","payload":{"workflowId":"JH7CF7JAVHWn2LqL","workflowName":"My workflow","executionId":"3","nodeType":"n8n-nodes-base.httpRequest","nodeName":"HTTP Request","nodeId":"b56c4e41-48e9-4977-8eb9-634ef8c8264b"}}
{"__type":"$$EventMessageConfirm","confirm":"f862721b-7939-4fc1-826b-9b28211ab175","ts":"2026-04-15T09:13:23.189-04:00","source":{"id":"0","name":"eventBus"}}
{"__type":"$$EventMessageWorkflow","id":"5dbef661-3aa1-4256-81fa-85ced61eb558","ts":"2026-04-15T09:13:23.212-04:00","eventName":"n8n.workflow.failed","message":"n8n.workflow.failed","payload":{"userId":"f7092eee-89c0-414d-8233-888ccd08e26c","executionId":"3","success":false,"isManual":true,"mode":"manual","workflowId":"JH7CF7JAVHWn2LqL","workflowName":"My workflow","lastNodeExecuted":"HTTP Request","errorNodeType":"n8n-nodes-base.httpRequest","errorMessage":"The service refused the connection - perhaps it is offline"}}
{"__type":"$$EventMessageConfirm","confirm":"5dbef661-3aa1-4256-81fa-85ced61eb558","ts":"2026-04-15T09:13:23.213-04:00","source":{"id":"0","name":"eventBus"}}
{"__type":"$$EventMessageAudit","id":"67d6cc08-9baa-44cd-8261-cb454c3e0556","ts":"2026-04-15T09:15:00.983-04:00","eventName":"n8n.audit.workflow.updated","message":"n8n.audit.workflow.updated","payload":{"userId":"f7092eee-89c0-414d-8233-888ccd08e26c","_email":"kocherlasravan@gmail.com","_firstName":"Kocherla Koteswara Suhith","_lastName":"Sravan Babu","globalRole":"global:owner","workflowId":"JH7CF7JAVHWn2LqL","workflowName":"My workflow"}}
{"__type":"$$EventMessageConfirm","confirm":"67d6cc08-9baa-44cd-8261-cb454c3e0556","ts":"2026-04-15T09:15:00.983-04:00","source":{"id":"0","name":"eventBus"}}
{"__type":"$$EventMessageAudit","id":"29960eeb-20f0-4b8b-aeac-e937f8d58788","ts":"2026-04-15T09:15:12.822-04:00","eventName":"n8n.audit.workflow.executed","message":"n8n.audit.workflow.executed","payload":{"userId":"f7092eee-89c0-414d-8233-888ccd08e26c","_email":"kocherlasravan@gmail.com","_firstName":"Kocherla Koteswara Suhith","_lastName":"Sravan Babu","globalRole":"global:owner","workflowId":"JH7CF7JAVHWn2LqL","workflowName":"My workflow","executionId":"4","source":"user-manual"}}
{"__type":"$$EventMessageConfirm","confirm":"29960eeb-20f0-4b8b-aeac-e937f8d58788","ts":"2026-04-15T09:15:12.822-04:00","source":{"id":"0","name":"eventBus"}}
{"__type":"$$EventMessageWorkflow","id":"7f292816-dd03-4f55-b8d1-413101baff5d","ts":"2026-04-15T09:15:12.823-04:00","eventName":"n8n.workflow.started","message":"n8n.workflow.started","payload":{"executionId":"4","workflowId":"JH7CF7JAVHWn2LqL","isManual":false,"mode":"manual","workflowName":"My workflow"}}
{"__type":"$$EventMessageConfirm","confirm":"7f292816-dd03-4f55-b8d1-413101baff5d","ts":"2026-04-15T09:15:12.823-04:00","source":{"id":"0","name":"eventBus"}}
{"__type":"$$EventMessageNode","id":"fb3c9d8d-292b-4989-bbb9-79ac7c6ac9ee","ts":"2026-04-15T09:15:12.877-04:00","eventName":"n8n.node.started","message":"n8n.node.started","payload":{"workflowId":"JH7CF7JAVHWn2LqL","workflowName":"My workflow","executionId":"4","nodeType":"n8n-nodes-base.httpRequest","nodeName":"HTTP Request","nodeId":"b56c4e41-48e9-4977-8eb9-634ef8c8264b"}}
{"__type":"$$EventMessageConfirm","confirm":"fb3c9d8d-292b-4989-bbb9-79ac7c6ac9ee","ts":"2026-04-15T09:15:12.879-04:00","source":{"id":"0","name":"eventBus"}}
{"__type":"$$EventMessageNode","id":"5f31d9ad-6c5a-4194-8967-9782777d0991","ts":"2026-04-15T09:15:14.224-04:00","eventName":"n8n.node.finished","message":"n8n.node.finished","payload":{"workflowId":"JH7CF7JAVHWn2LqL","workflowName":"My workflow","executionId":"4","nodeType":"n8n-nodes-base.httpRequest","nodeName":"HTTP Request","nodeId":"b56c4e41-48e9-4977-8eb9-634ef8c8264b"}}
{"__type":"$$EventMessageConfirm","confirm":"5f31d9ad-6c5a-4194-8967-9782777d0991","ts":"2026-04-15T09:15:14.224-04:00","source":{"id":"0","name":"eventBus"}}
{"__type":"$$EventMessageWorkflow","id":"4ca247e0-ca91-4a2f-9c78-64a563c58364","ts":"2026-04-15T09:15:14.367-04:00","eventName":"n8n.workflow.success","message":"n8n.workflow.success","payload":{"userId":"f7092eee-89c0-414d-8233-888ccd08e26c","executionId":"4","success":true,"isManual":true,"mode":"manual","workflowId":"JH7CF7JAVHWn2LqL","workflowName":"My workflow"}}
{"__type":"$$EventMessageConfirm","confirm":"4ca247e0-ca91-4a2f-9c78-64a563c58364","ts":"2026-04-15T09:15:14.369-04:00","source":{"id":"0","name":"eventBus"}}
{"__type":"$$EventMessageAudit","id":"67d2e81c-a6df-45e5-8839-62294e735cbe","ts":"2026-04-15T09:15:55.985-04:00","eventName":"n8n.audit.workflow.updated","message":"n8n.audit.workflow.updated","payload":{"userId":"f7092eee-89c0-414d-8233-888ccd08e26c","_email":"kocherlasravan@gmail.com","_firstName":"Kocherla Koteswara Suhith","_lastName":"Sravan Babu","globalRole":"global:owner","workflowId":"JH7CF7JAVHWn2LqL","workflowName":"My workflow"}}
{"__type":"$$EventMessageConfirm","confirm":"67d2e81c-a6df-45e5-8839-62294e735cbe","ts":"2026-04-15T09:15:55.985-04:00","source":{"id":"0","name":"eventBus"}}
{"__type":"$$EventMessageAudit","id":"64b28aba-01a2-454c-a091-fbaac49fc9f3","ts":"2026-04-15T09:15:59.055-04:00","eventName":"n8n.audit.workflow.updated","message":"n8n.audit.workflow.updated","payload":{"userId":"f7092eee-89c0-414d-8233-888ccd08e26c","_email":"kocherlasravan@gmail.com","_firstName":"Kocherla Koteswara Suhith","_lastName":"Sravan Babu","globalRole":"global:owner","workflowId":"JH7CF7JAVHWn2LqL","workflowName":"My workflow"}}
{"__type":"$$EventMessageConfirm","confirm":"64b28aba-01a2-454c-a091-fbaac49fc9f3","ts":"2026-04-15T09:15:59.055-04:00","source":{"id":"0","name":"eventBus"}}
{"__type":"$$EventMessageAudit","id":"2b129a7f-5378-4b7d-82c0-b1dbb2be2556","ts":"2026-04-15T09:17:57.210-04:00","eventName":"n8n.audit.workflow.activated","message":"n8n.audit.workflow.activated","payload":{"userId":"f7092eee-89c0-414d-8233-888ccd08e26c","_email":"kocherlasravan@gmail.com","_firstName":"Kocherla Koteswara Suhith","_lastName":"Sravan Babu","globalRole":"global:owner","workflowId":"JH7CF7JAVHWn2LqL","workflowName":"My workflow","activeVersionId":"4bddc1e7-9ca5-4393-83cb-72f42b7151e9"}}
{"__type":"$$EventMessageConfirm","confirm":"2b129a7f-5378-4b7d-82c0-b1dbb2be2556","ts":"2026-04-15T09:17:57.211-04:00","source":{"id":"0","name":"eventBus"}}
